  main.cpp
C:\Users\Administrator\Desktop\SBSProgramming4\Program4\Algorithm\main.cpp(261,6): error C2601: 'main': 지역 함수 정의가 잘못되었습니다.
      C:\Users\Administrator\Desktop\SBSProgramming4\Program4\Algorithm\main.cpp(184,1):
      이 줄에 짝이 되지 않는 '{'가 들어 있습니다.
  
C:\Users\Administrator\Desktop\SBSProgramming4\Program4\Algorithm\main.cpp(316,7): error C2601: 'CreateGraph_vector': 지역 함수 정의가 잘못되었습니다.
      C:\Users\Administrator\Desktop\SBSProgramming4\Program4\Algorithm\main.cpp(184,1):
      이 줄에 짝이 되지 않는 '{'가 들어 있습니다.
  
C:\Users\Administrator\Desktop\SBSProgramming4\Program4\Algorithm\main.cpp(340,7): error C2601: 'CreateGraph_vector2': 지역 함수 정의가 잘못되었습니다.
      C:\Users\Administrator\Desktop\SBSProgramming4\Program4\Algorithm\main.cpp(184,1):
      이 줄에 짝이 되지 않는 '{'가 들어 있습니다.
  
C:\Users\Administrator\Desktop\SBSProgramming4\Program4\Algorithm\main.cpp(371,7): error C2601: 'CreateGraph_Matrix': 지역 함수 정의가 잘못되었습니다.
      C:\Users\Administrator\Desktop\SBSProgramming4\Program4\Algorithm\main.cpp(184,1):
      이 줄에 짝이 되지 않는 '{'가 들어 있습니다.
  
C:\Users\Administrator\Desktop\SBSProgramming4\Program4\Algorithm\main.cpp(416,7): error C2601: 'DFS': 지역 함수 정의가 잘못되었습니다.
      C:\Users\Administrator\Desktop\SBSProgramming4\Program4\Algorithm\main.cpp(184,1):
      이 줄에 짝이 되지 않는 '{'가 들어 있습니다.
  
C:\Users\Administrator\Desktop\SBSProgramming4\Program4\Algorithm\main.cpp(429,7): error C2601: 'DFSmatrix': 지역 함수 정의가 잘못되었습니다.
      C:\Users\Administrator\Desktop\SBSProgramming4\Program4\Algorithm\main.cpp(184,1):
      이 줄에 짝이 되지 않는 '{'가 들어 있습니다.
  
C:\Users\Administrator\Desktop\SBSProgramming4\Program4\Algorithm\main.cpp(454,7): error C2601: 'BFS': 지역 함수 정의가 잘못되었습니다.
      C:\Users\Administrator\Desktop\SBSProgramming4\Program4\Algorithm\main.cpp(184,1):
      이 줄에 짝이 되지 않는 '{'가 들어 있습니다.
  
C:\Users\Administrator\Desktop\SBSProgramming4\Program4\Algorithm\main.cpp(455,2): error C1075: '{': 일치하는 토큰을 찾을 수 없습니다.
